c:\users\dell-pc\documents\visual studio 2015\projects\salesystem\salesystem\debug\salesystem.pch
c:\users\dell-pc\documents\visual studio 2015\projects\salesystem\salesystem\debug\vc140.pdb
c:\users\dell-pc\documents\visual studio 2015\projects\salesystem\salesystem\debug\vc140.idb
c:\users\dell-pc\documents\visual studio 2015\projects\salesystem\salesystem\debug\stdafx.obj
c:\users\dell-pc\documents\visual studio 2015\projects\salesystem\salesystem\debug\dispalyview.obj
c:\users\dell-pc\documents\visual studio 2015\projects\salesystem\salesystem\debug\infofile.obj
c:\users\dell-pc\documents\visual studio 2015\projects\salesystem\salesystem\debug\logindlg.obj
c:\users\dell-pc\documents\visual studio 2015\projects\salesystem\salesystem\debug\mainfrm.obj
c:\users\dell-pc\documents\visual studio 2015\projects\salesystem\salesystem\debug\salesystem.obj
c:\users\dell-pc\documents\visual studio 2015\projects\salesystem\salesystem\debug\salesystemdoc.obj
c:\users\dell-pc\documents\visual studio 2015\projects\salesystem\salesystem\debug\salesystemview.obj
c:\users\dell-pc\documents\visual studio 2015\projects\salesystem\salesystem\debug\selectview.obj
c:\users\dell-pc\documents\visual studio 2015\projects\salesystem\salesystem\debug\userdlg.obj
c:\users\dell-pc\documents\visual studio 2015\projects\salesystem\debug\salesystem.ilk
c:\users\dell-pc\documents\visual studio 2015\projects\salesystem\debug\salesystem.exe
c:\users\dell-pc\documents\visual studio 2015\projects\salesystem\debug\salesystem.pdb
c:\users\dell-pc\documents\visual studio 2015\projects\salesystem\salesystem\debug\salesystem.res
c:\users\dell-pc\documents\visual studio 2015\projects\salesystem\salesystem\debug\salesystem.tlog\cl.command.1.tlog
c:\users\dell-pc\documents\visual studio 2015\projects\salesystem\salesystem\debug\salesystem.tlog\cl.read.1.tlog
c:\users\dell-pc\documents\visual studio 2015\projects\salesystem\salesystem\debug\salesystem.tlog\cl.write.1.tlog
c:\users\dell-pc\documents\visual studio 2015\projects\salesystem\salesystem\debug\salesystem.tlog\link.command.1.tlog
c:\users\dell-pc\documents\visual studio 2015\projects\salesystem\salesystem\debug\salesystem.tlog\link.read.1.tlog
c:\users\dell-pc\documents\visual studio 2015\projects\salesystem\salesystem\debug\salesystem.tlog\link.write.1.tlog
c:\users\dell-pc\documents\visual studio 2015\projects\salesystem\salesystem\debug\salesystem.tlog\rc.command.1.tlog
c:\users\dell-pc\documents\visual studio 2015\projects\salesystem\salesystem\debug\salesystem.tlog\rc.read.1.tlog
c:\users\dell-pc\documents\visual studio 2015\projects\salesystem\salesystem\debug\salesystem.tlog\rc.write.1.tlog
